2023-08-04 16:54:10 [CRITICAL]  - 29318
2023-08-04 16:54:10 [WARNING]  - 7205
2023-08-04 16:54:10 [INFO]  - 21863
2023-08-04 16:54:10 [CRITICAL]  - 17063
2023-08-04 16:54:10 [WARNING]  - 19199
2023-08-04 16:54:10 [WARNING]  - 6551
2023-08-04 16:54:10 [WARNING]  - 19674
2023-08-04 16:54:10 [WARNING]  - 6969
2023-08-04 16:54:10 [ERROR] Segmentation fault - 14531
2023-08-04 16:54:10 [ERROR] Invalid input - 17581
2023-08-04 16:54:10 [INFO]  - 15883
2023-08-04 16:54:10 [CRITICAL]  - 13151
2023-08-04 16:54:10 [DEBUG]  - 4693
2023-08-04 16:54:10 [INFO]  - 19337
2023-08-04 16:54:10 [INFO]  - 16737
2023-08-04 16:54:10 [INFO]  - 8695
2023-08-04 16:54:10 [INFO]  - 13697
2023-08-04 16:54:10 [DEBUG]  - 30147
2023-08-04 16:54:10 [CRITICAL]  - 12682
2023-08-04 16:54:10 [DEBUG]  - 10913
2023-08-04 16:54:10 [ERROR] Out of memory - 11148
2023-08-04 16:54:10 [WARNING]  - 7929
2023-08-04 16:54:10 [INFO]  - 24728
2023-08-04 16:54:10 [INFO]  - 11672
2023-08-04 16:54:10 [DEBUG]  - 6404
2023-08-04 16:54:10 [INFO]  - 5033
2023-08-04 16:54:10 [CRITICAL]  - 24080
2023-08-04 16:54:10 [DEBUG]  - 7852
2023-08-04 16:54:10 [WARNING]  - 4623
2023-08-04 16:54:10 [WARNING]  - 4286
2023-08-04 16:54:10 [DEBUG]  - 13015
2023-08-04 16:54:10 [DEBUG]  - 23181
2023-08-04 16:54:10 [CRITICAL]  - 17610
2023-08-04 16:54:10 [CRITICAL]  - 15395
2023-08-04 16:54:10 [DEBUG]  - 4059
2023-08-04 16:54:10 [CRITICAL]  - 22735
2023-08-04 16:54:10 [DEBUG]  - 28689
2023-08-04 16:54:10 [ERROR] Invalid input - 20670
2023-08-04 16:54:10 [WARNING]  - 20371
2023-08-04 16:54:10 [WARNING]  - 2878
2023-08-04 16:54:10 [CRITICAL]  - 12990
2023-08-04 16:54:10 [DEBUG]  - 26318
2023-08-04 16:54:10 [CRITICAL]  - 26001
2023-08-04 16:54:10 [DEBUG]  - 17317
2023-08-04 16:54:10 [ERROR] Failed to connect - 30766
2023-08-04 16:54:10 [CRITICAL]  - 23036
2023-08-04 16:54:10 [INFO]  - 11120
2023-08-04 16:54:10 [CRITICAL]  - 12185
2023-08-04 16:54:10 [INFO]  - 4931
2023-08-04 16:54:10 [ERROR] Failed to connect - 24990
2023-08-04 16:54:10 [DEBUG]  - 14735
2023-08-04 16:54:10 [DEBUG]  - 29034
2023-08-04 16:54:10 [ERROR] Failed to connect - 9641
2023-08-04 16:54:10 [WARNING]  - 27531
2023-08-04 16:54:10 [CRITICAL]  - 19125
2023-08-04 16:54:10 [INFO]  - 19323
2023-08-04 16:54:10 [DEBUG]  - 8285
2023-08-04 16:54:10 [ERROR] Invalid input - 25458
2023-08-04 16:54:10 [INFO]  - 17423
2023-08-04 16:54:10 [INFO]  - 17902
2023-08-04 16:54:10 [DEBUG]  - 6945
2023-08-04 16:54:10 [ERROR] Invalid input - 6372
2023-08-04 16:54:10 [ERROR] Failed to connect - 19663
2023-08-04 16:54:10 [INFO]  - 9612
2023-08-04 16:54:10 [ERROR] Out of memory - 18351
2023-08-04 16:54:10 [INFO]  - 15837
2023-08-04 16:54:10 [DEBUG]  - 23048
2023-08-04 16:54:10 [CRITICAL]  - 11257
2023-08-04 16:54:10 [ERROR] Failed to connect - 25631
2023-08-04 16:54:10 [ERROR] Failed to connect - 25265
2023-08-04 16:54:10 [DEBUG]  - 19506
2023-08-04 16:54:10 [ERROR] Disk full - 7953
2023-08-04 16:54:10 [INFO]  - 30291
2023-08-04 16:54:10 [DEBUG]  - 3547
2023-08-04 16:54:10 [WARNING]  - 24070
2023-08-04 16:54:10 [ERROR] Out of memory - 8286
2023-08-04 16:54:10 [INFO]  - 7013
2023-08-04 16:54:10 [WARNING]  - 26551
2023-08-04 16:54:10 [WARNING]  - 16156
2023-08-04 16:54:10 [ERROR] Segmentation fault - 440
2023-08-04 16:54:10 [INFO]  - 9626
2023-08-04 16:54:10 [DEBUG]  - 26234
2023-08-04 16:54:10 [CRITICAL]  - 11100
2023-08-04 16:54:10 [DEBUG]  - 19547
2023-08-04 16:54:10 [INFO]  - 20424
2023-08-04 16:54:10 [ERROR] Invalid input - 29482
2023-08-04 16:54:10 [ERROR] Invalid input - 841
2023-08-04 16:54:10 [CRITICAL]  - 30357
2023-08-04 16:54:10 [WARNING]  - 17236
2023-08-04 16:54:10 [INFO]  - 25733
2023-08-04 16:54:10 [ERROR] Invalid input - 27634
2023-08-04 16:54:10 [DEBUG]  - 3347
2023-08-04 16:54:10 [ERROR] Disk full - 9265
2023-08-04 16:54:10 [ERROR] Failed to connect - 27240
2023-08-04 16:54:10 [INFO]  - 19907
2023-08-04 16:54:10 [INFO]  - 14825
2023-08-04 16:54:10 [CRITICAL]  - 14708
2023-08-04 16:54:10 [DEBUG]  - 22055
2023-08-04 16:54:10 [INFO]  - 13758
2023-08-04 16:54:10 [CRITICAL]  - 7735
